25-10-02.21:30:47.907 [main            ] INFO  Application            - Starting Application using Java 1.8.0_391 on 小林 with PID 71576 (E:\sfg\pintuan\group-buy-market-yue\group-buy-market-app\target\classes started by 29874 in E:\sfg\pintuan\group-buy-market-yue)
25-10-02.21:30:47.908 [main            ] INFO  Application            - The following 1 profile is active: "dev"
25-10-02.21:30:48.380 [main            ] INFO  RepositoryConfigurationDelegate - Multiple Spring Data modules found, entering strict repository configuration mode
25-10-02.21:30:48.381 [main            ] INFO  RepositoryConfigurationDelegate - Bootstrapping Spring Data Redis repositories in DEFAULT mode.
25-10-02.21:30:48.402 [main            ] INFO  RepositoryConfigurationDelegate - Finished Spring Data repository scanning in 12 ms. Found 0 Redis repository interfaces.
25-10-02.21:30:48.526 [main            ] INFO  PostProcessorRegistrationDelegate$BeanPostProcessorChecker - Bean 'redisClientConfig' of type [com.yue.config.RedisClientConfig$$EnhancerBySpringCGLIB$$e6241308] is not eligible for getting processed by all BeanPostProcessors (for example: not eligible for auto-proxying)
25-10-02.21:30:48.556 [main            ] INFO  PostProcessorRegistrationDelegate$BeanPostProcessorChecker - Bean 'redis.sdk.config-com.yue.config.RedisClientConfigProperties' of type [com.yue.config.RedisClientConfigProperties] is not eligible for getting processed by all BeanPostProcessors (for example: not eligible for auto-proxying)
25-10-02.21:30:48.661 [main            ] INFO  Version                - Redisson 3.26.0
25-10-02.21:30:49.280 [redisson-netty-1-5] INFO  ConnectionsHolder      - 1 connections initialized for localhost/127.0.0.1:16379
25-10-02.21:30:49.288 [redisson-netty-1-14] INFO  ConnectionsHolder      - 5 connections initialized for localhost/127.0.0.1:16379
25-10-02.21:30:49.323 [main            ] INFO  PostProcessorRegistrationDelegate$BeanPostProcessorChecker - Bean 'redissonClient' of type [org.redisson.Redisson] is not eligible for getting processed by all BeanPostProcessors (for example: not eligible for auto-proxying)
25-10-02.21:30:49.439 [main            ] INFO  TomcatWebServer        - Tomcat initialized with port(s): 8091 (http)
25-10-02.21:30:49.443 [main            ] INFO  Http11NioProtocol      - Initializing ProtocolHandler ["http-nio-8091"]
25-10-02.21:30:49.443 [main            ] INFO  StandardService        - Starting service [Tomcat]
25-10-02.21:30:49.443 [main            ] INFO  StandardEngine         - Starting Servlet engine: [Apache Tomcat/9.0.75]
25-10-02.21:30:49.526 [main            ] INFO  [/]                    - Initializing Spring embedded WebApplicationContext
25-10-02.21:30:49.526 [main            ] INFO  ServletWebServerApplicationContext - Root WebApplicationContext: initialization completed in 1603 ms
25-10-02.21:30:50.058 [main            ] INFO  EndpointLinksResolver  - Exposing 1 endpoint(s) beneath base path '/actuator'
25-10-02.21:30:50.073 [main            ] INFO  Http11NioProtocol      - Starting ProtocolHandler ["http-nio-8091"]
25-10-02.21:30:50.079 [main            ] INFO  TomcatWebServer        - Tomcat started on port(s): 8091 (http) with context path ''
25-10-02.21:30:50.085 [main            ] INFO  Application            - Started Application in 2.371 seconds (JVM running for 3.24)
25-10-02.21:30:50.313 [RMI TCP Connection(2)-172.23.80.1] INFO  [/]                    - Initializing Spring DispatcherServlet 'dispatcherServlet'
25-10-02.21:30:50.313 [RMI TCP Connection(2)-172.23.80.1] INFO  DispatcherServlet      - Initializing Servlet 'dispatcherServlet'
25-10-02.21:30:50.314 [RMI TCP Connection(2)-172.23.80.1] INFO  DispatcherServlet      - Completed initialization in 1 ms
25-10-02.21:30:50.781 [RMI TCP Connection(3)-172.23.80.1] INFO  HikariDataSource       - HikariPool-1 - Starting...
25-10-02.21:30:51.588 [RMI TCP Connection(3)-172.23.80.1] INFO  HikariDataSource       - HikariPool-1 - Start completed.
25-10-02.21:31:13.247 [http-nio-8091-exec-1] INFO  DCCController          - DCC 动态配置值变更 key:downgradeSwitch value:100
25-10-02.21:31:13.252 [redisson-3-7    ] INFO  DCCValueBeanFactory    - DCC 节点监听，动态设置值 group_buy_market_dcc_downgradeSwitch 100
25-10-02.21:33:14.714 [http-nio-8091-exec-3] INFO  DCCController          - DCC 动态配置值变更 key:cutRange value:0
25-10-02.21:33:14.719 [redisson-3-8    ] INFO  DCCValueBeanFactory    - DCC 节点监听，动态设置值 group_buy_market_dcc_cutRange 0
25-10-02.23:47:59.526 [http-nio-8091-exec-8] INFO  DCCController          - DCC 动态配置值变更 key:downgradeSwitch value:1
25-10-02.23:47:59.535 [redisson-3-9    ] INFO  DCCValueBeanFactory    - DCC 节点监听，动态设置值 group_buy_market_dcc_downgradeSwitch 1
25-10-02.23:48:42.724 [http-nio-8091-exec-9] INFO  DCCController          - DCC 动态配置值变更 key:downgradeSwitch value:0
25-10-02.23:48:42.728 [redisson-3-10   ] INFO  DCCValueBeanFactory    - DCC 节点监听，动态设置值 group_buy_market_dcc_downgradeSwitch 0
25-10-02.23:49:25.990 [http-nio-8091-exec-1] INFO  DCCController          - DCC 动态配置值变更 key:cutRange value:10
25-10-02.23:49:25.996 [redisson-3-11   ] INFO  DCCValueBeanFactory    - DCC 节点监听，动态设置值 group_buy_market_dcc_cutRange 10
25-10-02.23:50:04.018 [http-nio-8091-exec-2] INFO  DCCController          - DCC 动态配置值变更 key:cutRange value:100
25-10-02.23:50:04.022 [redisson-3-12   ] INFO  DCCValueBeanFactory    - DCC 节点监听，动态设置值 group_buy_market_dcc_cutRange 100
