25-10-08.19:49:44.137 [main            ] INFO  MarketTradeControllerTest - Starting MarketTradeControllerTest using Java 1.8.0_391 on 小林 with PID 71832 (started by 29874 in E:\sfg\pintuan\group-buy-market-yue\group-buy-market-app)
25-10-08.19:49:44.138 [main            ] INFO  MarketTradeControllerTest - The following 1 profile is active: "dev"
25-10-08.19:49:44.708 [main            ] INFO  RepositoryConfigurationDelegate - Multiple Spring Data modules found, entering strict repository configuration mode
25-10-08.19:49:44.710 [main            ] INFO  RepositoryConfigurationDelegate - Bootstrapping Spring Data Redis repositories in DEFAULT mode.
25-10-08.19:49:44.744 [main            ] INFO  RepositoryConfigurationDelegate - Finished Spring Data repository scanning in 20 ms. Found 0 Redis repository interfaces.
25-10-08.19:49:44.988 [main            ] INFO  PostProcessorRegistrationDelegate$BeanPostProcessorChecker - Bean 'redisClientConfig' of type [com.yue.config.RedisClientConfig$$EnhancerBySpringCGLIB$$bd3bc57e] is not eligible for getting processed by all BeanPostProcessors (for example: not eligible for auto-proxying)
25-10-08.19:49:45.171 [main            ] INFO  PostProcessorRegistrationDelegate$BeanPostProcessorChecker - Bean 'redis.sdk.config-com.yue.config.RedisClientConfigProperties' of type [com.yue.config.RedisClientConfigProperties] is not eligible for getting processed by all BeanPostProcessors (for example: not eligible for auto-proxying)
25-10-08.19:49:45.370 [main            ] INFO  Version                - Redisson 3.26.0
25-10-08.19:49:46.051 [redisson-netty-1-5] INFO  ConnectionsHolder      - 1 connections initialized for localhost/127.0.0.1:16379
25-10-08.19:49:46.060 [redisson-netty-1-14] INFO  ConnectionsHolder      - 5 connections initialized for localhost/127.0.0.1:16379
25-10-08.19:49:46.087 [main            ] INFO  PostProcessorRegistrationDelegate$BeanPostProcessorChecker - Bean 'redissonClient' of type [org.redisson.Redisson] is not eligible for getting processed by all BeanPostProcessors (for example: not eligible for auto-proxying)
25-10-08.19:49:47.973 [main            ] INFO  EndpointLinksResolver  - Exposing 1 endpoint(s) beneath base path '/actuator'
25-10-08.19:49:48.005 [main            ] INFO  MarketTradeControllerTest - Started MarketTradeControllerTest in 4.142 seconds (JVM running for 4.773)
25-10-08.19:49:48.225 [main            ] INFO  MarketTradeController  - 营销交易锁单:xfg01 LockMarketPayOrderRequestDTO:{"activityId":100123,"channel":"c01","goodsId":"9890001","notifyUrl":"http://127.0.0.1:8091/api/v1/test/group_buy_notify","outTradeNo":"437492959375","source":"s01","userId":"xfg01"}
25-10-08.19:49:48.225 [main            ] INFO  TradeLockOrderService  - 拼团交易-查询未支付营销订单:xfg01 outTradeNo:437492959375
25-10-08.19:49:48.240 [main            ] INFO  HikariDataSource       - HikariPool-1 - Starting...
25-10-08.19:49:48.379 [main            ] INFO  HikariDataSource       - HikariPool-1 - Start completed.
25-10-08.19:49:48.406 [main            ] INFO  RootNode               - 拼团商品查询试算服务-RootNode userId:xfg01 requestParameter:{"activityId":100123,"channel":"c01","goodsId":"9890001","source":"s01","userId":"xfg01"}
25-10-08.19:49:48.421 [main            ] INFO  MarketNode             - 拼团商品查询试算服务-MarketNode userId:xfg01 异步线程加载数据「GroupBuyActivityDiscountVO、SkuVO」完成
25-10-08.19:49:48.422 [main            ] INFO  MarketNode             - 拼团商品查询试算服务-MarketNode userId:xfg01 requestParameter:{"activityId":100123,"channel":"c01","goodsId":"9890001","source":"s01","userId":"xfg01"}
25-10-08.19:49:48.422 [main            ] INFO  MJCalculateService     - 优惠策略折扣计算:0
25-10-08.19:49:48.431 [main            ] INFO  EndNode                - 拼团商品查询试算服务-EndNode userId:xfg01 requestParameter:{"activityId":100123,"channel":"c01","goodsId":"9890001","source":"s01","userId":"xfg01"}
25-10-08.19:49:48.434 [main            ] INFO  TradeLockOrderService  - 拼团交易-锁定营销优惠支付订单:xfg01 activityId:100123 goodsId:9890001
25-10-08.19:49:48.435 [main            ] INFO  ActivityUsabilityRuleFilter - 交易规则过滤-活动的可用性校验xfg01 activityId:100123
25-10-08.19:49:48.437 [main            ] INFO  UserTakeLimitRuleFilter - 交易规则过滤-用户参与次数校验xfg01 activityId:100123
25-10-08.19:49:48.474 [main            ] INFO  MarketTradeController  - 交易锁单记录(新):xfg01 marketPayOrderEntity:{"deductionPrice":10.00,"orderId":"944527853699","tradeOrderStatusEnumVO":"CREATE"}
25-10-08.19:49:48.477 [main            ] INFO  MarketTradeControllerTest - 测试结果 req:{"activityId":100123,"channel":"c01","goodsId":"9890001","notifyUrl":"http://127.0.0.1:8091/api/v1/test/group_buy_notify","outTradeNo":"437492959375","source":"s01","userId":"xfg01"} res:{"code":"0000","data":{"deductionPrice":10.00,"orderId":"944527853699","tradeOrderStatus":0},"info":"成功"}
25-10-08.19:49:48.477 [main            ] INFO  MarketTradeController  - 营销交易锁单:xfg02 LockMarketPayOrderRequestDTO:{"activityId":100123,"channel":"c01","goodsId":"9890001","notifyUrl":"http://127.0.0.1:8091/api/v1/test/group_buy_notify","outTradeNo":"252048168084","source":"s01","userId":"xfg02"}
25-10-08.19:49:48.477 [main            ] INFO  TradeLockOrderService  - 拼团交易-查询未支付营销订单:xfg02 outTradeNo:252048168084
25-10-08.19:49:48.478 [main            ] INFO  RootNode               - 拼团商品查询试算服务-RootNode userId:xfg02 requestParameter:{"activityId":100123,"channel":"c01","goodsId":"9890001","source":"s01","userId":"xfg02"}
25-10-08.19:49:48.483 [main            ] INFO  MarketNode             - 拼团商品查询试算服务-MarketNode userId:xfg02 异步线程加载数据「GroupBuyActivityDiscountVO、SkuVO」完成
25-10-08.19:49:48.483 [main            ] INFO  MarketNode             - 拼团商品查询试算服务-MarketNode userId:xfg02 requestParameter:{"activityId":100123,"channel":"c01","goodsId":"9890001","source":"s01","userId":"xfg02"}
25-10-08.19:49:48.483 [main            ] INFO  MJCalculateService     - 优惠策略折扣计算:0
25-10-08.19:49:48.485 [main            ] INFO  EndNode                - 拼团商品查询试算服务-EndNode userId:xfg02 requestParameter:{"activityId":100123,"channel":"c01","goodsId":"9890001","source":"s01","userId":"xfg02"}
25-10-08.19:49:48.485 [main            ] INFO  TradeLockOrderService  - 拼团交易-锁定营销优惠支付订单:xfg02 activityId:100123 goodsId:9890001
25-10-08.19:49:48.485 [main            ] INFO  ActivityUsabilityRuleFilter - 交易规则过滤-活动的可用性校验xfg02 activityId:100123
25-10-08.19:49:48.486 [main            ] INFO  UserTakeLimitRuleFilter - 交易规则过滤-用户参与次数校验xfg02 activityId:100123
25-10-08.19:49:48.502 [main            ] INFO  MarketTradeController  - 交易锁单记录(新):xfg02 marketPayOrderEntity:{"deductionPrice":10.00,"orderId":"330273059492","tradeOrderStatusEnumVO":"CREATE"}
25-10-08.19:49:48.503 [main            ] INFO  MarketTradeControllerTest - 测试结果 req:{"activityId":100123,"channel":"c01","goodsId":"9890001","notifyUrl":"http://127.0.0.1:8091/api/v1/test/group_buy_notify","outTradeNo":"252048168084","source":"s01","userId":"xfg02"} res:{"code":"0000","data":{"deductionPrice":10.00,"orderId":"330273059492","tradeOrderStatus":0},"info":"成功"}
25-10-08.19:49:48.503 [main            ] INFO  MarketTradeController  - 营销交易锁单:xfg03 LockMarketPayOrderRequestDTO:{"activityId":100123,"channel":"c01","goodsId":"9890001","notifyUrl":"http://127.0.0.1:8091/api/v1/test/group_buy_notify","outTradeNo":"233225573142","source":"s01","userId":"xfg03"}
25-10-08.19:49:48.503 [main            ] INFO  TradeLockOrderService  - 拼团交易-查询未支付营销订单:xfg03 outTradeNo:233225573142
25-10-08.19:49:48.504 [main            ] INFO  RootNode               - 拼团商品查询试算服务-RootNode userId:xfg03 requestParameter:{"activityId":100123,"channel":"c01","goodsId":"9890001","source":"s01","userId":"xfg03"}
25-10-08.19:49:48.507 [main            ] INFO  MarketNode             - 拼团商品查询试算服务-MarketNode userId:xfg03 异步线程加载数据「GroupBuyActivityDiscountVO、SkuVO」完成
25-10-08.19:49:48.508 [main            ] INFO  MarketNode             - 拼团商品查询试算服务-MarketNode userId:xfg03 requestParameter:{"activityId":100123,"channel":"c01","goodsId":"9890001","source":"s01","userId":"xfg03"}
25-10-08.19:49:48.508 [main            ] INFO  MJCalculateService     - 优惠策略折扣计算:0
25-10-08.19:49:48.510 [main            ] INFO  EndNode                - 拼团商品查询试算服务-EndNode userId:xfg03 requestParameter:{"activityId":100123,"channel":"c01","goodsId":"9890001","source":"s01","userId":"xfg03"}
25-10-08.19:49:48.510 [main            ] INFO  TradeLockOrderService  - 拼团交易-锁定营销优惠支付订单:xfg03 activityId:100123 goodsId:9890001
25-10-08.19:49:48.510 [main            ] INFO  ActivityUsabilityRuleFilter - 交易规则过滤-活动的可用性校验xfg03 activityId:100123
25-10-08.19:49:48.513 [main            ] INFO  UserTakeLimitRuleFilter - 交易规则过滤-用户参与次数校验xfg03 activityId:100123
25-10-08.19:49:48.530 [main            ] INFO  MarketTradeController  - 交易锁单记录(新):xfg03 marketPayOrderEntity:{"deductionPrice":10.00,"orderId":"001681095609","tradeOrderStatusEnumVO":"CREATE"}
25-10-08.19:49:48.530 [main            ] INFO  MarketTradeControllerTest - 测试结果 req:{"activityId":100123,"channel":"c01","goodsId":"9890001","notifyUrl":"http://127.0.0.1:8091/api/v1/test/group_buy_notify","outTradeNo":"233225573142","source":"s01","userId":"xfg03"} res:{"code":"0000","data":{"deductionPrice":10.00,"orderId":"001681095609","tradeOrderStatus":0},"info":"成功"}
25-10-08.19:49:48.530 [main            ] INFO  MarketTradeController  - 营销交易锁单:xfg04 LockMarketPayOrderRequestDTO:{"activityId":100123,"channel":"c01","goodsId":"9890001","notifyUrl":"http://127.0.0.1:8091/api/v1/test/group_buy_notify","outTradeNo":"192932279114","source":"s01","userId":"xfg04"}
25-10-08.19:49:48.531 [main            ] INFO  TradeLockOrderService  - 拼团交易-查询未支付营销订单:xfg04 outTradeNo:192932279114
25-10-08.19:49:48.532 [main            ] INFO  RootNode               - 拼团商品查询试算服务-RootNode userId:xfg04 requestParameter:{"activityId":100123,"channel":"c01","goodsId":"9890001","source":"s01","userId":"xfg04"}
25-10-08.19:49:48.535 [main            ] INFO  MarketNode             - 拼团商品查询试算服务-MarketNode userId:xfg04 异步线程加载数据「GroupBuyActivityDiscountVO、SkuVO」完成
25-10-08.19:49:48.535 [main            ] INFO  MarketNode             - 拼团商品查询试算服务-MarketNode userId:xfg04 requestParameter:{"activityId":100123,"channel":"c01","goodsId":"9890001","source":"s01","userId":"xfg04"}
25-10-08.19:49:48.535 [main            ] INFO  MJCalculateService     - 优惠策略折扣计算:0
25-10-08.19:49:48.538 [main            ] INFO  EndNode                - 拼团商品查询试算服务-EndNode userId:xfg04 requestParameter:{"activityId":100123,"channel":"c01","goodsId":"9890001","source":"s01","userId":"xfg04"}
25-10-08.19:49:48.538 [main            ] INFO  TradeLockOrderService  - 拼团交易-锁定营销优惠支付订单:xfg04 activityId:100123 goodsId:9890001
25-10-08.19:49:48.538 [main            ] INFO  ActivityUsabilityRuleFilter - 交易规则过滤-活动的可用性校验xfg04 activityId:100123
25-10-08.19:49:48.539 [main            ] INFO  UserTakeLimitRuleFilter - 交易规则过滤-用户参与次数校验xfg04 activityId:100123
25-10-08.19:49:48.559 [main            ] INFO  MarketTradeController  - 交易锁单记录(新):xfg04 marketPayOrderEntity:{"deductionPrice":10.00,"orderId":"051541014467","tradeOrderStatusEnumVO":"CREATE"}
25-10-08.19:49:48.559 [main            ] INFO  MarketTradeControllerTest - 测试结果 req:{"activityId":100123,"channel":"c01","goodsId":"9890001","notifyUrl":"http://127.0.0.1:8091/api/v1/test/group_buy_notify","outTradeNo":"192932279114","source":"s01","userId":"xfg04"} res:{"code":"0000","data":{"deductionPrice":10.00,"orderId":"051541014467","tradeOrderStatus":0},"info":"成功"}
25-10-08.19:49:48.559 [main            ] INFO  MarketTradeController  - 营销交易锁单:xfg05 LockMarketPayOrderRequestDTO:{"activityId":100123,"channel":"c01","goodsId":"9890001","notifyUrl":"http://127.0.0.1:8091/api/v1/test/group_buy_notify","outTradeNo":"359996685925","source":"s01","userId":"xfg05"}
25-10-08.19:49:48.560 [main            ] INFO  TradeLockOrderService  - 拼团交易-查询未支付营销订单:xfg05 outTradeNo:359996685925
25-10-08.19:49:48.561 [main            ] INFO  RootNode               - 拼团商品查询试算服务-RootNode userId:xfg05 requestParameter:{"activityId":100123,"channel":"c01","goodsId":"9890001","source":"s01","userId":"xfg05"}
25-10-08.19:49:48.565 [main            ] INFO  MarketNode             - 拼团商品查询试算服务-MarketNode userId:xfg05 异步线程加载数据「GroupBuyActivityDiscountVO、SkuVO」完成
25-10-08.19:49:48.565 [main            ] INFO  MarketNode             - 拼团商品查询试算服务-MarketNode userId:xfg05 requestParameter:{"activityId":100123,"channel":"c01","goodsId":"9890001","source":"s01","userId":"xfg05"}
25-10-08.19:49:48.565 [main            ] INFO  MJCalculateService     - 优惠策略折扣计算:0
25-10-08.19:49:48.568 [main            ] INFO  EndNode                - 拼团商品查询试算服务-EndNode userId:xfg05 requestParameter:{"activityId":100123,"channel":"c01","goodsId":"9890001","source":"s01","userId":"xfg05"}
25-10-08.19:49:48.568 [main            ] INFO  TradeLockOrderService  - 拼团交易-锁定营销优惠支付订单:xfg05 activityId:100123 goodsId:9890001
25-10-08.19:49:48.568 [main            ] INFO  ActivityUsabilityRuleFilter - 交易规则过滤-活动的可用性校验xfg05 activityId:100123
25-10-08.19:49:48.569 [main            ] INFO  UserTakeLimitRuleFilter - 交易规则过滤-用户参与次数校验xfg05 activityId:100123
25-10-08.19:49:48.587 [main            ] INFO  MarketTradeController  - 交易锁单记录(新):xfg05 marketPayOrderEntity:{"deductionPrice":10.00,"orderId":"341154999675","tradeOrderStatusEnumVO":"CREATE"}
25-10-08.19:49:48.587 [main            ] INFO  MarketTradeControllerTest - 测试结果 req:{"activityId":100123,"channel":"c01","goodsId":"9890001","notifyUrl":"http://127.0.0.1:8091/api/v1/test/group_buy_notify","outTradeNo":"359996685925","source":"s01","userId":"xfg05"} res:{"code":"0000","data":{"deductionPrice":10.00,"orderId":"341154999675","tradeOrderStatus":0},"info":"成功"}
25-10-08.19:49:48.587 [main            ] INFO  MarketTradeController  - 营销交易锁单:xfg06 LockMarketPayOrderRequestDTO:{"activityId":100123,"channel":"c01","goodsId":"9890001","notifyUrl":"http://127.0.0.1:8091/api/v1/test/group_buy_notify","outTradeNo":"716953526114","source":"s01","userId":"xfg06"}
25-10-08.19:49:48.587 [main            ] INFO  TradeLockOrderService  - 拼团交易-查询未支付营销订单:xfg06 outTradeNo:716953526114
25-10-08.19:49:48.588 [main            ] INFO  RootNode               - 拼团商品查询试算服务-RootNode userId:xfg06 requestParameter:{"activityId":100123,"channel":"c01","goodsId":"9890001","source":"s01","userId":"xfg06"}
25-10-08.19:49:48.592 [main            ] INFO  MarketNode             - 拼团商品查询试算服务-MarketNode userId:xfg06 异步线程加载数据「GroupBuyActivityDiscountVO、SkuVO」完成
25-10-08.19:49:48.593 [main            ] INFO  MarketNode             - 拼团商品查询试算服务-MarketNode userId:xfg06 requestParameter:{"activityId":100123,"channel":"c01","goodsId":"9890001","source":"s01","userId":"xfg06"}
25-10-08.19:49:48.593 [main            ] INFO  MJCalculateService     - 优惠策略折扣计算:0
25-10-08.19:49:48.595 [main            ] INFO  EndNode                - 拼团商品查询试算服务-EndNode userId:xfg06 requestParameter:{"activityId":100123,"channel":"c01","goodsId":"9890001","source":"s01","userId":"xfg06"}
25-10-08.19:49:48.595 [main            ] INFO  TradeLockOrderService  - 拼团交易-锁定营销优惠支付订单:xfg06 activityId:100123 goodsId:9890001
25-10-08.19:49:48.595 [main            ] INFO  ActivityUsabilityRuleFilter - 交易规则过滤-活动的可用性校验xfg06 activityId:100123
25-10-08.19:49:48.596 [main            ] INFO  UserTakeLimitRuleFilter - 交易规则过滤-用户参与次数校验xfg06 activityId:100123
25-10-08.19:49:48.616 [main            ] INFO  MarketTradeController  - 交易锁单记录(新):xfg06 marketPayOrderEntity:{"deductionPrice":10.00,"orderId":"305108565377","tradeOrderStatusEnumVO":"CREATE"}
25-10-08.19:49:48.616 [main            ] INFO  MarketTradeControllerTest - 测试结果 req:{"activityId":100123,"channel":"c01","goodsId":"9890001","notifyUrl":"http://127.0.0.1:8091/api/v1/test/group_buy_notify","outTradeNo":"716953526114","source":"s01","userId":"xfg06"} res:{"code":"0000","data":{"deductionPrice":10.00,"orderId":"305108565377","tradeOrderStatus":0},"info":"成功"}
25-10-08.19:49:48.616 [main            ] INFO  MarketTradeController  - 营销交易锁单:xfg07 LockMarketPayOrderRequestDTO:{"activityId":100123,"channel":"c01","goodsId":"9890001","notifyUrl":"http://127.0.0.1:8091/api/v1/test/group_buy_notify","outTradeNo":"247906343922","source":"s01","userId":"xfg07"}
25-10-08.19:49:48.616 [main            ] INFO  TradeLockOrderService  - 拼团交易-查询未支付营销订单:xfg07 outTradeNo:247906343922
25-10-08.19:49:48.617 [main            ] INFO  RootNode               - 拼团商品查询试算服务-RootNode userId:xfg07 requestParameter:{"activityId":100123,"channel":"c01","goodsId":"9890001","source":"s01","userId":"xfg07"}
25-10-08.19:49:48.621 [main            ] INFO  MarketNode             - 拼团商品查询试算服务-MarketNode userId:xfg07 异步线程加载数据「GroupBuyActivityDiscountVO、SkuVO」完成
25-10-08.19:49:48.621 [main            ] INFO  MarketNode             - 拼团商品查询试算服务-MarketNode userId:xfg07 requestParameter:{"activityId":100123,"channel":"c01","goodsId":"9890001","source":"s01","userId":"xfg07"}
25-10-08.19:49:48.621 [main            ] INFO  MJCalculateService     - 优惠策略折扣计算:0
25-10-08.19:49:48.625 [main            ] INFO  EndNode                - 拼团商品查询试算服务-EndNode userId:xfg07 requestParameter:{"activityId":100123,"channel":"c01","goodsId":"9890001","source":"s01","userId":"xfg07"}
25-10-08.19:49:48.625 [main            ] INFO  TradeLockOrderService  - 拼团交易-锁定营销优惠支付订单:xfg07 activityId:100123 goodsId:9890001
25-10-08.19:49:48.625 [main            ] INFO  ActivityUsabilityRuleFilter - 交易规则过滤-活动的可用性校验xfg07 activityId:100123
25-10-08.19:49:48.626 [main            ] INFO  UserTakeLimitRuleFilter - 交易规则过滤-用户参与次数校验xfg07 activityId:100123
25-10-08.19:49:48.646 [main            ] INFO  MarketTradeController  - 交易锁单记录(新):xfg07 marketPayOrderEntity:{"deductionPrice":10.00,"orderId":"274371675708","tradeOrderStatusEnumVO":"CREATE"}
25-10-08.19:49:48.646 [main            ] INFO  MarketTradeControllerTest - 测试结果 req:{"activityId":100123,"channel":"c01","goodsId":"9890001","notifyUrl":"http://127.0.0.1:8091/api/v1/test/group_buy_notify","outTradeNo":"247906343922","source":"s01","userId":"xfg07"} res:{"code":"0000","data":{"deductionPrice":10.00,"orderId":"274371675708","tradeOrderStatus":0},"info":"成功"}
25-10-08.19:49:48.646 [main            ] INFO  MarketTradeController  - 营销交易锁单:xfg08 LockMarketPayOrderRequestDTO:{"activityId":100123,"channel":"c01","goodsId":"9890001","notifyUrl":"http://127.0.0.1:8091/api/v1/test/group_buy_notify","outTradeNo":"510023872085","source":"s01","userId":"xfg08"}
25-10-08.19:49:48.647 [main            ] INFO  TradeLockOrderService  - 拼团交易-查询未支付营销订单:xfg08 outTradeNo:510023872085
25-10-08.19:49:48.648 [main            ] INFO  RootNode               - 拼团商品查询试算服务-RootNode userId:xfg08 requestParameter:{"activityId":100123,"channel":"c01","goodsId":"9890001","source":"s01","userId":"xfg08"}
25-10-08.19:49:48.653 [main            ] INFO  MarketNode             - 拼团商品查询试算服务-MarketNode userId:xfg08 异步线程加载数据「GroupBuyActivityDiscountVO、SkuVO」完成
25-10-08.19:49:48.653 [main            ] INFO  MarketNode             - 拼团商品查询试算服务-MarketNode userId:xfg08 requestParameter:{"activityId":100123,"channel":"c01","goodsId":"9890001","source":"s01","userId":"xfg08"}
25-10-08.19:49:48.653 [main            ] INFO  MJCalculateService     - 优惠策略折扣计算:0
25-10-08.19:49:48.655 [main            ] INFO  EndNode                - 拼团商品查询试算服务-EndNode userId:xfg08 requestParameter:{"activityId":100123,"channel":"c01","goodsId":"9890001","source":"s01","userId":"xfg08"}
25-10-08.19:49:48.655 [main            ] INFO  TradeLockOrderService  - 拼团交易-锁定营销优惠支付订单:xfg08 activityId:100123 goodsId:9890001
25-10-08.19:49:48.655 [main            ] INFO  ActivityUsabilityRuleFilter - 交易规则过滤-活动的可用性校验xfg08 activityId:100123
25-10-08.19:49:48.658 [main            ] INFO  UserTakeLimitRuleFilter - 交易规则过滤-用户参与次数校验xfg08 activityId:100123
25-10-08.19:49:48.681 [main            ] INFO  MarketTradeController  - 交易锁单记录(新):xfg08 marketPayOrderEntity:{"deductionPrice":10.00,"orderId":"275558664565","tradeOrderStatusEnumVO":"CREATE"}
25-10-08.19:49:48.681 [main            ] INFO  MarketTradeControllerTest - 测试结果 req:{"activityId":100123,"channel":"c01","goodsId":"9890001","notifyUrl":"http://127.0.0.1:8091/api/v1/test/group_buy_notify","outTradeNo":"510023872085","source":"s01","userId":"xfg08"} res:{"code":"0000","data":{"deductionPrice":10.00,"orderId":"275558664565","tradeOrderStatus":0},"info":"成功"}
25-10-08.19:49:48.681 [main            ] INFO  MarketTradeController  - 营销交易锁单:xfg09 LockMarketPayOrderRequestDTO:{"activityId":100123,"channel":"c01","goodsId":"9890001","notifyUrl":"http://127.0.0.1:8091/api/v1/test/group_buy_notify","outTradeNo":"304017541476","source":"s01","userId":"xfg09"}
25-10-08.19:49:48.681 [main            ] INFO  TradeLockOrderService  - 拼团交易-查询未支付营销订单:xfg09 outTradeNo:304017541476
25-10-08.19:49:48.683 [main            ] INFO  RootNode               - 拼团商品查询试算服务-RootNode userId:xfg09 requestParameter:{"activityId":100123,"channel":"c01","goodsId":"9890001","source":"s01","userId":"xfg09"}
25-10-08.19:49:48.687 [main            ] INFO  MarketNode             - 拼团商品查询试算服务-MarketNode userId:xfg09 异步线程加载数据「GroupBuyActivityDiscountVO、SkuVO」完成
25-10-08.19:49:48.687 [main            ] INFO  MarketNode             - 拼团商品查询试算服务-MarketNode userId:xfg09 requestParameter:{"activityId":100123,"channel":"c01","goodsId":"9890001","source":"s01","userId":"xfg09"}
25-10-08.19:49:48.687 [main            ] INFO  MJCalculateService     - 优惠策略折扣计算:0
25-10-08.19:49:48.689 [main            ] INFO  EndNode                - 拼团商品查询试算服务-EndNode userId:xfg09 requestParameter:{"activityId":100123,"channel":"c01","goodsId":"9890001","source":"s01","userId":"xfg09"}
25-10-08.19:49:48.689 [main            ] INFO  TradeLockOrderService  - 拼团交易-锁定营销优惠支付订单:xfg09 activityId:100123 goodsId:9890001
25-10-08.19:49:48.689 [main            ] INFO  ActivityUsabilityRuleFilter - 交易规则过滤-活动的可用性校验xfg09 activityId:100123
25-10-08.19:49:48.691 [main            ] INFO  UserTakeLimitRuleFilter - 交易规则过滤-用户参与次数校验xfg09 activityId:100123
25-10-08.19:49:48.710 [main            ] INFO  MarketTradeController  - 交易锁单记录(新):xfg09 marketPayOrderEntity:{"deductionPrice":10.00,"orderId":"442204802177","tradeOrderStatusEnumVO":"CREATE"}
25-10-08.19:49:48.710 [main            ] INFO  MarketTradeControllerTest - 测试结果 req:{"activityId":100123,"channel":"c01","goodsId":"9890001","notifyUrl":"http://127.0.0.1:8091/api/v1/test/group_buy_notify","outTradeNo":"304017541476","source":"s01","userId":"xfg09"} res:{"code":"0000","data":{"deductionPrice":10.00,"orderId":"442204802177","tradeOrderStatus":0},"info":"成功"}
25-10-08.19:49:48.722 [SpringApplicationShutdownHook] INFO  HikariDataSource       - HikariPool-1 - Shutdown initiated...
25-10-08.19:49:48.733 [SpringApplicationShutdownHook] INFO  HikariDataSource       - HikariPool-1 - Shutdown completed.
